<?xml version="1.0" encoding="UTF-8"?>
<!-- Generated by org.testng.reporters.JUnitXMLReporter -->
<testsuite ignored="1" hostname="LAPTOP-BPR3FB0Q" failures="0" tests="1" name="Default test" time="4.962" errors="0" timestamp="2022-05-12T12:57:42 IST">
  <testcase classname="getRequest.addPlace" name="getBodyFromJsonFile" time="3.812"/>
  <testcase classname="getRequest.addPlace" name="addAndUpdatePlace" time="0.0">
    <ignored/>
  </testcase> <!-- addAndUpdatePlace -->
</testsuite> <!-- Default test -->
