<?xml version="1.0" encoding="UTF-8"?>
<testng-results ignored="1" total="2" passed="1" failed="0" skipped="0">
  <reporter-output>
  </reporter-output>
  <suite started-at="2022-05-12T12:57:37 IST" name="Default suite" finished-at="2022-05-12T12:57:42 IST" duration-ms="4962">
    <groups>
    </groups>
    <test started-at="2022-05-12T12:57:37 IST" name="Default test" finished-at="2022-05-12T12:57:42 IST" duration-ms="4962">
      <class name="getRequest.addPlace">
        <test-method is-config="true" signature="setup()[pri:0, instance:getRequest.addPlace@429bffaa]" started-at="2022-05-12T12:57:37 IST" name="setup" finished-at="2022-05-12T12:57:39 IST" duration-ms="1081" status="PASS">
          <reporter-output>
          </reporter-output>
        </test-method> <!-- setup -->
        <test-method signature="getBodyFromJsonFile()[pri:0, instance:getRequest.addPlace@429bffaa]" started-at="2022-05-12T12:57:39 IST" name="getBodyFromJsonFile" finished-at="2022-05-12T12:57:42 IST" duration-ms="3812" status="PASS">
          <reporter-output>
          </reporter-output>
        </test-method> <!-- getBodyFromJsonFile -->
      </class> <!-- getRequest.addPlace -->
    </test> <!-- Default test -->
  </suite> <!-- Default suite -->
</testng-results>
